<?xml version="1.0" encoding="UTF-8"?>
<!-- Generated by org.testng.reporters.JUnitReportReporter -->
<testsuite hostname="LAPTOP-A43DSRJ5" failures="0" tests="1" name="com.tutorialsninja.qa.testcases.LoginTest" time="7.503" errors="0" timestamp="2023-05-17T20:58:32 IST" skipped="0">
  <testcase classname="com.tutorialsninja.qa.testcases.LoginTest" name="verifyLoginWithInvalidEmailAndValidPassword" time="7.503"/>
  <system-out/>
</testsuite> <!-- com.tutorialsninja.qa.testcases.LoginTest -->
